Build started 12/11/2014 10:02:15 AM.
     1>Project "C:\Users\Greg Volpe\Documents\GitHub\CS355-Project-3\CS355-Project-3\CS355-Project-3\CS355-Project-3.vcxproj" on node 2 (Build target(s)).
     1>ClCompile:
         P:\Program Files (x86)\Microsoft Visual Studio 12.0\VC\bin\CL.exe /c /ZI /nologo /W3 /WX- /sdl /Od /Oy- /D _MBCS /Gm /EHsc /RTC1 /MDd /GS /fp:precise /Zc:wchar_t /Zc:forScope /Fo"Debug\\" /Fd"Debug\vc120.pdb" /Gd /TP /analyze- /errorReport:prompt main.cpp sub.cpp
         sub.cpp
     1>c:\users\greg volpe\documents\github\cs355-project-3\cs355-project-3\cs355-project-3\sub.cpp(15): warning C4018: '<' : signed/unsigned mismatch
         main.cpp
     1>c:\users\greg volpe\documents\github\cs355-project-3\cs355-project-3\cs355-project-3\main.cpp(26): warning C4018: '<' : signed/unsigned mismatch
     1>c:\users\greg volpe\documents\github\cs355-project-3\cs355-project-3\cs355-project-3\main.cpp(30): warning C4018: '<' : signed/unsigned mismatch
     1>c:\users\greg volpe\documents\github\cs355-project-3\cs355-project-3\cs355-project-3\main.cpp(34): warning C4018: '<' : signed/unsigned mismatch
     1>c:\users\greg volpe\documents\github\cs355-project-3\cs355-project-3\cs355-project-3\main.cpp(42): warning C4018: '<' : signed/unsigned mismatch
         Generating Code...
     1>c:\users\greg volpe\documents\github\cs355-project-3\cs355-project-3\cs355-project-3\sub.cpp(84): warning C4715: 'sub::mReturn' : not all control paths return a value
       Link:
         P:\Program Files (x86)\Microsoft Visual Studio 12.0\VC\bin\link.exe /ERRORREPORT:PROMPT /OUT:"C:\Users\Greg Volpe\Documents\GitHub\CS355-Project-3\CS355-Project-3\Debug\CS355-Project-3.exe" /INCREMENTAL /NOLOGO kernel32.lib user32.lib gdi32.lib winspool.lib comdlg32.lib advapi32.lib shell32.lib ole32.lib oleaut32.lib uuid.lib odbc32.lib odbccp32.lib /MANIFEST /MANIFESTUAC:"level='asInvoker' uiAccess='false'" /manifest:embed /DEBUG /PDB:"C:\Users\Greg Volpe\Documents\GitHub\CS355-Project-3\CS355-Project-3\Debug\CS355-Project-3.pdb" /SUBSYSTEM:CONSOLE /TLBID:1 /DYNAMICBASE /NXCOMPAT /IMPLIB:"C:\Users\Greg Volpe\Documents\GitHub\CS355-Project-3\CS355-Project-3\Debug\CS355-Project-3.lib" /MACHINE:X86 Debug\main.obj
         Debug\sub.obj
         CS355-Project-3.vcxproj -> C:\Users\Greg Volpe\Documents\GitHub\CS355-Project-3\CS355-Project-3\Debug\CS355-Project-3.exe
     1>Done Building Project "C:\Users\Greg Volpe\Documents\GitHub\CS355-Project-3\CS355-Project-3\CS355-Project-3\CS355-Project-3.vcxproj" (Build target(s)).

Build succeeded.

Time Elapsed 00:00:00.85
